<?xml version="1.0" encoding="UTF-8"?>
<testsuite failures="0" errors="0" skipped="0" tests="1" time="12.643322" name="Account Functionality on indeed.com">
<testcase classname="Account Functionality on indeed.com" name="Sign in as a valid user" time="12.643322">
  <system-out>
    <![CDATA[]]>
  </system-out>
  <system-err>
    <![CDATA[]]>
  </system-err>
</testcase>
</testsuite>
